<!-- Session data for comprehensive car quote, edited to 3rd party, and then back to comprehensive -->
<this>
    <current>
        <verticalCode>CAR</verticalCode>
        <brandCode>ctm</brandCode>
        <transactionId>2560484</transactionId>
        <rootId>2560480</rootId>
        <previousTransactionId>2560482</previousTransactionId>
    </current>
    <tempResultDetails>
        <results>
            <VIRG-05-17>
                <headline>
                    <lumpSumTotal>1174</lumpSumTotal>
                </headline>
            </VIRG-05-17>
            <EXPO-05-16>
                <headline>
                    <lumpSumTotal>1185</lumpSumTotal>
                </headline>
            </EXPO-05-16>
            <BUDD-05-04>
                <headline>
                    <lumpSumTotal>1129</lumpSumTotal>
                </headline>
            </BUDD-05-04>
            <OZIC-05-01>
                <headline>
                    <lumpSumTotal>1312</lumpSumTotal>
                </headline>
            </OZIC-05-01>
        </results>
    </tempResultDetails>
    <userData>
        <emailSent>true</emailSent>
    </userData>
    <tempResultDetails>
        <results>
            <VIRG-05-17_TPPD>
                <headline>
                    <lumpSumTotal>270</lumpSumTotal>
                </headline>
            </VIRG-05-17_TPPD>
            <EXPO-05-16_TPPD>
                <headline>
                    <lumpSumTotal>272</lumpSumTotal>
                </headline>
            </EXPO-05-16_TPPD>
            <BUDD-05-04_TPPD>
                <headline>
                    <lumpSumTotal>259</lumpSumTotal>
                </headline>
            </BUDD-05-04_TPPD>
        </results>
    </tempResultDetails>
    <quote>
        <lastFieldTouch>next-address</lastFieldTouch>
        <trackingKey>a943a3744f7cd1df71b23184cff0705384c677ba</trackingKey>
        <options>
            <commencementDate>22/02/2018</commencementDate>
            <commencementDateInputD>22</commencementDateInputD>
            <commencementDateInputM>02</commencementDateInputM>
            <commencementDateInputY>2018</commencementDateInputY>
            <driverOption>A</driverOption>
        </options>
        <currentJourney>1</currentJourney>
        <paymentType>annual</paymentType>
        <drivers>
            <young>
                <exists>N</exists>
            </young>
            <regular>
                <ownsAnotherCar>N</ownsAnotherCar>
                <gender>M</gender>
                <dobInputM>08</dobInputM>
                <dobInputY>1986</dobInputY>
                <claims>N</claims>
                <employmentStatus>S</employmentStatus>
                <surname>test</surname>
                <ncd>5</ncd>
                <firstname>rick</firstname>
                <dob>11/08/1986</dob>
                <dobInputD>11</dobInputD>
                <licenceAge>19</licenceAge>
            </regular>
        </drivers>
        <vehicle>
            <modelDes>Viano</modelDes>
            <securityOption>I</securityOption>
            <fuel>D</fuel>
            <damage>N</damage>
            <use>02</use>
            <factoryOptions>N</factoryOptions>
            <marketValue>54050</marketValue>
            <factoryOptionsRadioBtns>N</factoryOptionsRadioBtns>
            <model>VIANO</model>
            <trans>A</trans>
            <colour>black</colour>
            <finance>NO</finance>
            <body>5WAG</body>
            <registrationYear>2014</registrationYear>
            <modifications>N</modifications>
            <securityOptionCheck>Y</securityOptionCheck>
            <year>2014</year>
            <accessories>N</accessories>
            <makeDes>Mercedes Benz</makeDes>
            <redbookCode>MERC142S</redbookCode>
            <make>MERC</make>
            <accessoriesRadioBtns>N</accessoriesRadioBtns>
            <annualKilometres>15000</annualKilometres>
            <variant>Viano Avantgarde Grand edition 3.0turbo 639 Automatic 5gr rwd 165kW</variant>
            <parking>1</parking>
        </vehicle>
        <journey>
            <type>1</type>
            <stage>results</stage>
        </journey>
        <privacyoptin>Y</privacyoptin>
        <typeOfCover>COMPREHENSIVE</typeOfCover>
        <riskAddress>
            <unitSel>0</unitSel>
            <suburbName>Toowong</suburbName>
            <state>QLD</state>
            <elasticSearch>Y</elasticSearch>
            <autofilllessSearch>21 Lissner Street, Toowong, QLD, 4066</autofilllessSearch>
            <postCode>4066</postCode>
            <houseNoSel>21</houseNoSel>
            <streetName>Lissner St.</streetName>
            <fullAddressLineOne>21 Lissner Street</fullAddressLineOne>
            <type>R</type>
            <dpId>62713744</dpId>
            <fullAddress>21 Lissner Street, Toowong, QLD, 4066</fullAddress>
            <lastSearch>21 Lissner Street, Toowong, QLD, 4066</lastSearch>
            <streetId>247579</streetId>
        </riskAddress>
        <fsg>Y</fsg>
        <gaclientid>1239441495.1510535629</gaclientid>
        <contact>
            <oktocall>Y</oktocall>
            <phone>0400000000</phone>
            <marketing>Y</marketing>
            <email>test@gmail.com</email>
            <phoneinput>0400 000 000</phoneinput>
        </contact>
        <optionsTypeOfCover>COMPREHENSIVE</optionsTypeOfCover>
        <excess>800</excess>
        <terms>Y</terms>
        <tracking>
            <referer>http%3A%2F%2Flocalhost%3A8080%2Fctm%2Fcar_quote.jsp</referer>
        </tracking>
        <renderingMode>lg</renderingMode>
        <baseExcess>800</baseExcess>
        <clientIpAddress>0:0:0:0:0:0:0:1</clientIpAddress>
        <clientUserAgent>Mozilla/5.0 (Macintosh; Intel Mac OS X 10_12_6) AppleWebKit/537.36 (KHTML, like Gecko)
            Chrome/64.0.3282.167 Safari/537.36
        </clientUserAgent>
        <transactionId>2560484</transactionId>
    </quote>
    <tempResultDetails>
        <results>
            <VIRG-05-17>
                <headline>
                    <lumpSumTotal>1174</lumpSumTotal>
                </headline>
            </VIRG-05-17>
            <EXPO-05-16>
                <headline>
                    <lumpSumTotal>1185</lumpSumTotal>
                </headline>
            </EXPO-05-16>
            <OZIC-05-01>
                <headline>
                    <lumpSumTotal>1312</lumpSumTotal>
                </headline>
            </OZIC-05-01>
            <BUDD-05-04>
                <headline>
                    <lumpSumTotal>1129</lumpSumTotal>
                </headline>
            </BUDD-05-04>
        </results>
    </tempResultDetails>
</this>